#
# There is insufficient memory for the Java Runtime Environment to continue.
# Native memory allocation (malloc) failed to allocate 131088 bytes for Chunk::new
# Possible reasons:
#   The system is out of physical RAM or swap space
#   In 32 bit mode, the process size limit was hit
# Possible solutions:
#   Reduce memory load on the system
#   Increase physical memory or swap space
#   Check if swap backing store is full
#   Use 64 bit Java on a 64 bit OS
#   Decrease Java heap size (-Xmx/-Xms)
#   Decrease number of Java threads
#   Decrease Java thread stack sizes (-Xss)
#   Set larger code cache with -XX:ReservedCodeCacheSize=
# This output file may be truncated or incomplete.
#
#  Out of Memory Error (allocation.cpp:390), pid=6848, tid=0x00000000000006a8
#
# JRE version: OpenJDK Runtime Environment (8.0_112-b06) (build 1.8.0_112-release-b06)
# Java VM: OpenJDK 64-Bit Server VM (25.112-b06 mixed mode windows-amd64 compressed oops)
# Failed to write core dump. Minidumps are not enabled by default on client versions of Windows
#

---------------  T H R E A D  ---------------

Current thread (0x000000001619e000):  JavaThread "C2 CompilerThread1" daemon [_thread_in_native, id=1704, stack(0x0000000017900000,0x0000000017a00000)]

Stack: [0x0000000017900000,0x0000000017a00000]
[error occurred during error reporting (printing stack bounds), id 0xc0000005]

Native frames: (J=compiled Java code, j=interpreted, Vv=VM code, C=native code)


Current CompileTask:
C2:  29214 3270       4       groovy.lang.MetaClassImpl::checkIfStdMethod (178 bytes)


---------------  P R O C E S S  ---------------

Java Threads: ( => current thread )
  0x000000001ad11000 JavaThread "File lock request listener" [_thread_in_native, id=11660, stack(0x000000001bb20000,0x000000001bc20000)]
  0x00000000192a6800 JavaThread "Stdin handler" [_thread_blocked, id=10248, stack(0x000000001a850000,0x000000001a950000)]
  0x000000001929d000 JavaThread "Asynchronous log dispatcher for DefaultDaemonConnection: socket connection from /127.0.0.1:50194 to /127.0.0.1:50195" [_thread_blocked, id=6880, stack(0x000000001a750000,0x000000001a850000)]
  0x0000000019293800 JavaThread "Daemon worker" [_thread_in_native, id=748, stack(0x000000001a650000,0x000000001a750000)]
  0x00000000190b6000 JavaThread "Cancel handler" [_thread_blocked, id=7360, stack(0x000000001a550000,0x000000001a650000)]
  0x0000000019274000 JavaThread "Handler for socket connection from /127.0.0.1:50194 to /127.0.0.1:50195" [_thread_in_native, id=11688, stack(0x000000001a450000,0x000000001a550000)]
  0x0000000019273800 JavaThread "Daemon" [_thread_blocked, id=3064, stack(0x000000001a350000,0x000000001a450000)]
  0x000000001926f000 JavaThread "pool-1-thread-1" [_thread_blocked, id=6384, stack(0x000000001a250000,0x000000001a350000)]
  0x0000000018cbf000 JavaThread "Incoming local TCP Connector on port 50194" [_thread_in_native, id=2704, stack(0x0000000019e10000,0x0000000019f10000)]
  0x0000000017b28800 JavaThread "Service Thread" daemon [_thread_blocked, id=11824, stack(0x0000000017f00000,0x0000000018000000)]
  0x00000000161a7000 JavaThread "C1 CompilerThread2" daemon [_thread_blocked, id=6860, stack(0x0000000017a00000,0x0000000017b00000)]
=>0x000000001619e000 JavaThread "C2 CompilerThread1" daemon [_thread_in_native, id=1704, stack(0x0000000017900000,0x0000000017a00000)]
  0x000000001619a800 JavaThread "C2 CompilerThread0" daemon [_thread_in_native, id=7152, stack(0x0000000017800000,0x0000000017900000)]
  0x0000000016199000 JavaThread "Attach Listener" daemon [_thread_blocked, id=12000, stack(0x0000000017700000,0x0000000017800000)]
  0x0000000016198000 JavaThread "Signal Dispatcher" daemon [_thread_blocked, id=5880, stack(0x0000000017600000,0x0000000017700000)]
  0x000000000282b000 JavaThread "Finalizer" daemon [_thread_blocked, id=8284, stack(0x0000000017400000,0x0000000017500000)]
  0x0000000016167000 JavaThread "Reference Handler" daemon [_thread_blocked, id=8592, stack(0x0000000017300000,0x0000000017400000)]
  0x0000000002731000 JavaThread "main" [_thread_blocked, id=1440, stack(0x00000000025b0000,0x00000000026b0000)]

Other Threads:
  0x0000000016164800 VMThread [stack: 0x0000000017200000,0x0000000017300000] [id=1504]
  0x00000000161fe000 WatcherThread [stack: 0x0000000018000000,0x0000000018100000] [id=7628]

VM state:not at safepoint (normal execution)

VM Mutex/Monitor currently owned by a thread: None

Heap:
 PSYoungGen      total 55296K, used 40993K [0x00000000e0000000, 0x00000000e4e80000, 0x0000000100000000)
  eden space 44544K, 76% used [0x00000000e0000000,0x00000000e216a6a8,0x00000000e2b80000)
  from space 10752K, 63% used [0x00000000e2b80000,0x00000000e321e048,0x00000000e3600000)
  to   space 10240K, 0% used [0x00000000e4480000,0x00000000e4480000,0x00000000e4e80000)
 ParOldGen       total 69120K, used 9480K [0x00000000a0000000, 0x00000000a4380000, 0x00000000e0000000)
  object space 69120K, 13% used [0x00000000a0000000,0x00000000a09422f8,0x00000000a4380000)
 Metaspace       used 30285K, capacity 30892K, committed 30976K, reserved 1075200K
  class space    used 4140K, capacity 4313K, committed 4352K, reserved 1048576K

Card table byte_map: [0x0000000011bf0000,0x0000000011f00000] byte_map_base: 0x00000000116f0000

Marking Bits: (ParMarkBitMap*) 0x000000005b1018f0
 Begin Bits: [0x0000000012500000, 0x0000000013d00000)
 End Bits:   [0x0000000013d00000, 0x0000000015500000)

Polling page: 0x0000000000d80000

CodeCache: size=245760Kb used=12301Kb max_used=12505Kb free=233458Kb
 bounds [0x0000000002830000, 0x0000000003470000, 0x0000000011830000]
 total_blobs=3742 nmethods=3077 adapters=578
 compilation: enabled

Compilation events (10 events):
Event: 29.062 Thread 0x00000000161a7000 3283       3       org.codehaus.groovy.reflection.stdclasses.CachedSAMClass::isAssignableFrom (30 bytes)
Event: 29.062 Thread 0x00000000161a7000 nmethod 3283 0x0000000002a50710 code [0x0000000002a508a0, 0x0000000002a50d78]
Event: 29.066 Thread 0x00000000161a7000 3284       3       org.codehaus.groovy.runtime.metaclass.MetaMethodIndex$Header::<init> (26 bytes)
Event: 29.066 Thread 0x00000000161a7000 nmethod 3284 0x0000000002c4f6d0 code [0x0000000002c4f840, 0x0000000002c4fae8]
Event: 29.066 Thread 0x00000000161a7000 3285       3       org.codehaus.groovy.util.FastArray::set (8 bytes)
Event: 29.066 Thread 0x00000000161a7000 nmethod 3285 0x000000000346d950 code [0x000000000346dac0, 0x000000000346dd70]
Event: 29.067 Thread 0x00000000161a7000 3286       3       groovy.lang.MetaClassImpl::addMetaBeanProperty (119 bytes)
Event: 29.068 Thread 0x00000000161a7000 nmethod 3286 0x0000000002c9f350 code [0x0000000002c9f5a0, 0x0000000002ca0ae8]
Event: 29.068 Thread 0x00000000161a7000 3287       3       groovy.lang.GroovySystem::getMetaClassRegistry (4 bytes)
Event: 29.068 Thread 0x00000000161a7000 nmethod 3287 0x0000000002c3e090 code [0x0000000002c3e1e0, 0x0000000002c3e310]

GC Heap History (10 events):
Event: 9.482 GC heap before
{Heap before GC invocations=4 (full 0):
 PSYoungGen      total 38400K, used 29614K [0x00000000e0000000, 0x00000000e2a80000, 0x0000000100000000)
  eden space 33280K, 73% used [0x00000000e0000000,0x00000000e17efb00,0x00000000e2080000)
  from space 5120K, 99% used [0x00000000e2080000,0x00000000e257c030,0x00000000e2580000)
  to   space 5120K, 0% used [0x00000000e2580000,0x00000000e2580000,0x00000000e2a80000)
 ParOldGen       total 87552K, used 3380K [0x00000000a0000000, 0x00000000a5580000, 0x00000000e0000000)
  object space 87552K, 3% used [0x00000000a0000000,0x00000000a034d3d8,0x00000000a5580000)
 Metaspace       used 20822K, capacity 21230K, committed 21296K, reserved 1067008K
  class space    used 2789K, capacity 2944K, committed 2944K, reserved 1048576K
Event: 9.495 GC heap after
Heap after GC invocations=4 (full 0):
 PSYoungGen      total 38400K, used 5115K [0x00000000e0000000, 0x00000000e2a80000, 0x0000000100000000)
  eden space 33280K, 0% used [0x00000000e0000000,0x00000000e0000000,0x00000000e2080000)
  from space 5120K, 99% used [0x00000000e2580000,0x00000000e2a7efd0,0x00000000e2a80000)
  to   space 5120K, 0% used [0x00000000e2080000,0x00000000e2080000,0x00000000e2580000)
 ParOldGen       total 87552K, used 7866K [0x00000000a0000000, 0x00000000a5580000, 0x00000000e0000000)
  object space 87552K, 8% used [0x00000000a0000000,0x00000000a07aea10,0x00000000a5580000)
 Metaspace       used 20822K, capacity 21230K, committed 21296K, reserved 1067008K
  class space    used 2789K, capacity 2944K, committed 2944K, reserved 1048576K
}
Event: 9.495 GC heap before
{Heap before GC invocations=5 (full 1):
 PSYoungGen      total 38400K, used 5115K [0x00000000e0000000, 0x00000000e2a80000, 0x0000000100000000)
  eden space 33280K, 0% used [0x00000000e0000000,0x00000000e0000000,0x00000000e2080000)
  from space 5120K, 99% used [0x00000000e2580000,0x00000000e2a7efd0,0x00000000e2a80000)
  to   space 5120K, 0% used [0x00000000e2080000,0x00000000e2080000,0x00000000e2580000)
 ParOldGen       total 87552K, used 7866K [0x00000000a0000000, 0x00000000a5580000, 0x00000000e0000000)
  object space 87552K, 8% used [0x00000000a0000000,0x00000000a07aea10,0x00000000a5580000)
 Metaspace       used 20822K, capacity 21230K, committed 21296K, reserved 1067008K
  class space    used 2789K, capacity 2944K, committed 2944K, reserved 1048576K
Event: 9.622 GC heap after
Heap after GC invocations=5 (full 1):
 PSYoungGen      total 38400K, used 0K [0x00000000e0000000, 0x00000000e2a80000, 0x0000000100000000)
  eden space 33280K, 0% used [0x00000000e0000000,0x00000000e0000000,0x00000000e2080000)
  from space 5120K, 0% used [0x00000000e2580000,0x00000000e2580000,0x00000000e2a80000)
  to   space 5120K, 0% used [0x00000000e2080000,0x00000000e2080000,0x00000000e2580000)
 ParOldGen       total 69120K, used 9456K [0x00000000a0000000, 0x00000000a4380000, 0x00000000e0000000)
  object space 69120K, 13% used [0x00000000a0000000,0x00000000a093c2f8,0x00000000a4380000)
 Metaspace       used 20822K, capacity 21230K, committed 21296K, reserved 1067008K
  class space    used 2789K, capacity 2944K, committed 2944K, reserved 1048576K
}
Event: 14.700 GC heap before
{Heap before GC invocations=6 (full 1):
 PSYoungGen      total 38400K, used 33280K [0x00000000e0000000, 0x00000000e2a80000, 0x0000000100000000)
  eden space 33280K, 100% used [0x00000000e0000000,0x00000000e2080000,0x00000000e2080000)
  from space 5120K, 0% used [0x00000000e2580000,0x00000000e2580000,0x00000000e2a80000)
  to   space 5120K, 0% used [0x00000000e2080000,0x00000000e2080000,0x00000000e2580000)
 ParOldGen       total 69120K, used 9456K [0x00000000a0000000, 0x00000000a4380000, 0x00000000e0000000)
  object space 69120K, 13% used [0x00000000a0000000,0x00000000a093c2f8,0x00000000a4380000)
 Metaspace       used 23621K, capacity 24016K, committed 24192K, reserved 1071104K
  class space    used 3174K, capacity 3337K, committed 3456K, reserved 1048576K
Event: 14.715 GC heap after
Heap after GC invocations=6 (full 1):
 PSYoungGen      total 38400K, used 3512K [0x00000000e0000000, 0x00000000e4180000, 0x0000000100000000)
  eden space 33280K, 0% used [0x00000000e0000000,0x00000000e0000000,0x00000000e2080000)
  from space 5120K, 68% used [0x00000000e2080000,0x00000000e23ee098,0x00000000e2580000)
  to   space 11264K, 0% used [0x00000000e3680000,0x00000000e3680000,0x00000000e4180000)
 ParOldGen       total 69120K, used 9464K [0x00000000a0000000, 0x00000000a4380000, 0x00000000e0000000)
  object space 69120K, 13% used [0x00000000a0000000,0x00000000a093e2f8,0x00000000a4380000)
 Metaspace       used 23621K, capacity 24016K, committed 24192K, reserved 1071104K
  class space    used 3174K, capacity 3337K, committed 3456K, reserved 1048576K
}
Event: 18.237 GC heap before
{Heap before GC invocations=7 (full 1):
 PSYoungGen      total 38400K, used 36792K [0x00000000e0000000, 0x00000000e4180000, 0x0000000100000000)
  eden space 33280K, 100% used [0x00000000e0000000,0x00000000e2080000,0x00000000e2080000)
  from space 5120K, 68% used [0x00000000e2080000,0x00000000e23ee098,0x00000000e2580000)
  to   space 11264K, 0% used [0x00000000e3680000,0x00000000e3680000,0x00000000e4180000)
 ParOldGen       total 69120K, used 9464K [0x00000000a0000000, 0x00000000a4380000, 0x00000000e0000000)
  object space 69120K, 13% used [0x00000000a0000000,0x00000000a093e2f8,0x00000000a4380000)
 Metaspace       used 26503K, capacity 27044K, committed 27136K, reserved 1073152K
  class space    used 3660K, capacity 3782K, committed 3840K, reserved 1048576K
Event: 18.258 GC heap after
Heap after GC invocations=7 (full 1):
 PSYoungGen      total 54784K, used 6095K [0x00000000e0000000, 0x00000000e4080000, 0x0000000100000000)
  eden space 44544K, 0% used [0x00000000e0000000,0x00000000e0000000,0x00000000e2b80000)
  from space 10240K, 59% used [0x00000000e3680000,0x00000000e3c73e88,0x00000000e4080000)
  to   space 10752K, 0% used [0x00000000e2b80000,0x00000000e2b80000,0x00000000e3600000)
 ParOldGen       total 69120K, used 9472K [0x00000000a0000000, 0x00000000a4380000, 0x00000000e0000000)
  object space 69120K, 13% used [0x00000000a0000000,0x00000000a09402f8,0x00000000a4380000)
 Metaspace       used 26503K, capacity 27044K, committed 27136K, reserved 1073152K
  class space    used 3660K, capacity 3782K, committed 3840K, reserved 1048576K
}
Event: 21.919 GC heap before
{Heap before GC invocations=8 (full 1):
 PSYoungGen      total 54784K, used 50639K [0x00000000e0000000, 0x00000000e4080000, 0x0000000100000000)
  eden space 44544K, 100% used [0x00000000e0000000,0x00000000e2b80000,0x00000000e2b80000)
  from space 10240K, 59% used [0x00000000e3680000,0x00000000e3c73e88,0x00000000e4080000)
  to   space 10752K, 0% used [0x00000000e2b80000,0x00000000e2b80000,0x00000000e3600000)
 ParOldGen       total 69120K, used 9472K [0x00000000a0000000, 0x00000000a4380000, 0x00000000e0000000)
  object space 69120K, 13% used [0x00000000a0000000,0x00000000a09402f8,0x00000000a4380000)
 Metaspace       used 29657K, capacity 30160K, committed 30464K, reserved 1075200K
  class space    used 4066K, capacity 4242K, committed 4352K, reserved 1048576K
Event: 21.949 GC heap after
Heap after GC invocations=8 (full 1):
 PSYoungGen      total 55296K, used 6776K [0x00000000e0000000, 0x00000000e4e80000, 0x0000000100000000)
  eden space 44544K, 0% used [0x00000000e0000000,0x00000000e0000000,0x00000000e2b80000)
  from space 10752K, 63% used [0x00000000e2b80000,0x00000000e321e048,0x00000000e3600000)
  to   space 10240K, 0% used [0x00000000e4480000,0x00000000e4480000,0x00000000e4e80000)
 ParOldGen       total 69120K, used 9480K [0x00000000a0000000, 0x00000000a4380000, 0x00000000e0000000)
  object space 69120K, 13% used [0x00000000a0000000,0x00000000a09422f8,0x00000000a4380000)
 Metaspace       used 29657K, capacity 30160K, committed 30464K, reserved 1075200K
  class space    used 4066K, capacity 4242K, committed 4352K, reserved 1048576K
}

Deoptimization events (10 events):
Event: 22.015 Thread 0x0000000019293800 Uncommon trap: reason=unstable_if action=reinterpret pc=0x000000000323825c method=com.sun.org.apache.xerces.internal.impl.XMLEntityScanner.skipSpaces()Z @ 75
Event: 22.079 Thread 0x0000000019293800 Uncommon trap: reason=unstable_if action=reinterpret pc=0x00000000032f3db0 method=com.sun.org.apache.xerces.internal.impl.XMLEntityScanner.scanData(Ljava/lang/String;Lcom/sun/org/apache/xerces/internal/util/XMLStringBuffer;)Z @ 326
Event: 22.079 Thread 0x0000000019293800 Uncommon trap: reason=unstable_if action=reinterpret pc=0x00000000032e0798 method=com.sun.org.apache.xerces.internal.impl.XMLEntityScanner.scanData(Ljava/lang/String;Lcom/sun/org/apache/xerces/internal/util/XMLStringBuffer;)Z @ 888
Event: 22.168 Thread 0x0000000019293800 Uncommon trap: reason=unstable_if action=reinterpret pc=0x0000000003271d70 method=com.sun.org.apache.xerces.internal.impl.XMLEntityScanner.scanName()Ljava/lang/String; @ 205
Event: 22.485 Thread 0x0000000019293800 Uncommon trap: reason=unstable_if action=reinterpret pc=0x00000000032900ec method=com.sun.org.apache.xerces.internal.parsers.AbstractDOMParser.characters(Lcom/sun/org/apache/xerces/internal/xni/XMLString;Lcom/sun/org/apache/xerces/internal/xni/Augmentation
Event: 22.511 Thread 0x0000000019293800 Uncommon trap: reason=unstable_if action=reinterpret pc=0x0000000003250970 method=com.sun.org.apache.xerces.internal.impl.io.UTF8Reader.read([CII)I @ 131
Event: 23.107 Thread 0x0000000019293800 Uncommon trap: reason=unstable_if action=reinterpret pc=0x0000000003363944 method=com.sun.org.apache.xerces.internal.impl.XMLEntityScanner.scanName()Ljava/lang/String; @ 69
Event: 23.186 Thread 0x0000000019293800 Uncommon trap: reason=unstable_if action=reinterpret pc=0x0000000003304b18 method=com.sun.org.apache.xerces.internal.impl.XMLEntityScanner.skipSpaces()Z @ 75
Event: 23.186 Thread 0x0000000019293800 Uncommon trap: reason=unstable_if action=reinterpret pc=0x00000000032f6fd8 method=com.sun.org.apache.xerces.internal.impl.XMLEntityScanner.skipSpaces()Z @ 75
Event: 23.199 Thread 0x0000000019293800 Uncommon trap: reason=unstable_if action=reinterpret pc=0x000000000336ae70 method=com.sun.org.apache.xerces.internal.impl.XMLDocumentFragmentScannerImpl$FragmentContentDriver.next()I @ 815

Internal exceptions (10 events):
Event: 28.947 Thread 0x0000000019293800 Exception <a 'java/lang/ClassNotFoundException': org/gradle/api/tasks/Delete_DecoratedBeanInfo> (0x00000000e1c8ca28) thrown at [C:\src\android\AOSP-openjdk\external\jetbrains\jdk\hotspot\src\share\vm\classfile\systemDictionary.cpp, line 210]
Event: 28.959 Thread 0x0000000019293800 Exception <a 'java/lang/ClassNotFoundException': org/gradle/api/tasks/DeleteBeanInfo> (0x00000000e1cacad8) thrown at [C:\src\android\AOSP-openjdk\external\jetbrains\jdk\hotspot\src\share\vm\classfile\systemDictionary.cpp, line 210]
Event: 28.976 Thread 0x0000000019293800 Exception <a 'java/lang/ClassNotFoundException': org/gradle/api/internal/ConventionTaskBeanInfo> (0x00000000e1cd1220) thrown at [C:\src\android\AOSP-openjdk\external\jetbrains\jdk\hotspot\src\share\vm\classfile\systemDictionary.cpp, line 210]
Event: 28.984 Thread 0x0000000019293800 Exception <a 'java/lang/ClassNotFoundException': org/gradle/api/DefaultTaskBeanInfo> (0x00000000e1cefc90) thrown at [C:\src\android\AOSP-openjdk\external\jetbrains\jdk\hotspot\src\share\vm\classfile\systemDictionary.cpp, line 210]
Event: 29.008 Thread 0x0000000019293800 Exception <a 'java/lang/ClassNotFoundException': org/gradle/api/internal/AbstractTaskBeanInfo> (0x00000000e1d144b8) thrown at [C:\src\android\AOSP-openjdk\external\jetbrains\jdk\hotspot\src\share\vm\classfile\systemDictionary.cpp, line 210]
Event: 29.025 Thread 0x0000000019293800 Exception <a 'java/lang/ClassNotFoundException': org/gradle/api/internal/AbstractTaskCustomizer> (0x00000000e1d39708) thrown at [C:\src\android\AOSP-openjdk\external\jetbrains\jdk\hotspot\src\share\vm\classfile\systemDictionary.cpp, line 210]
Event: 29.029 Thread 0x0000000019293800 Exception <a 'java/lang/ClassNotFoundException': org/gradle/api/DefaultTaskCustomizer> (0x00000000e1db7150) thrown at [C:\src\android\AOSP-openjdk\external\jetbrains\jdk\hotspot\src\share\vm\classfile\systemDictionary.cpp, line 210]
Event: 29.031 Thread 0x0000000019293800 Exception <a 'java/lang/ClassNotFoundException': org/gradle/api/internal/ConventionTaskCustomizer> (0x00000000e1deb2d8) thrown at [C:\src\android\AOSP-openjdk\external\jetbrains\jdk\hotspot\src\share\vm\classfile\systemDictionary.cpp, line 210]
Event: 29.033 Thread 0x0000000019293800 Exception <a 'java/lang/ClassNotFoundException': org/gradle/api/tasks/DeleteCustomizer> (0x00000000e1e1d668) thrown at [C:\src\android\AOSP-openjdk\external\jetbrains\jdk\hotspot\src\share\vm\classfile\systemDictionary.cpp, line 210]
Event: 29.035 Thread 0x0000000019293800 Exception <a 'java/lang/ClassNotFoundException': org/gradle/api/tasks/Delete_DecoratedCustomizer> (0x00000000e1e5abb0) thrown at [C:\src\android\AOSP-openjdk\external\jetbrains\jdk\hotspot\src\share\vm\classfile\systemDictionary.cpp, line 210]

Events (10 events):
Event: 29.035 loading class org/gradle/api/tasks/Delete_DecoratedCustomizer
Event: 29.035 loading class org/gradle/api/tasks/Delete_DecoratedCustomizer done
Event: 29.061 loading class groovy/runtime/metaclass/org/gradle/api/internal/project/ProjectScriptMetaClass
Event: 29.061 loading class groovy/runtime/metaclass/org/gradle/api/internal/project/ProjectScriptMetaClass done
Event: 29.065 loading class groovy/runtime/metaclass/org/gradle/groovy/scripts/DefaultScriptMetaClass
Event: 29.065 loading class groovy/runtime/metaclass/org/gradle/groovy/scripts/DefaultScriptMetaClass done
Event: 29.067 loading class groovy/runtime/metaclass/org/gradle/groovy/scripts/BasicScriptMetaClass
Event: 29.067 loading class groovy/runtime/metaclass/org/gradle/groovy/scripts/BasicScriptMetaClass done
Event: 29.069 loading class groovy/runtime/metaclass/org/gradle/groovy/scripts/ScriptMetaClass
Event: 29.069 loading class groovy/runtime/metaclass/org/gradle/groovy/scripts/ScriptMetaClass done


Dynamic libraries:
0x00007ff6c1300000 - 0x00007ff6c1331000 	C:\Program Files\Android\Android Studio\jre\bin\java.exe
0x00007ffbb7e80000 - 0x00007ffbb8070000 	C:\WINDOWS\SYSTEM32\ntdll.dll
0x00007ffbb7000000 - 0x00007ffbb70b2000 	C:\WINDOWS\System32\KERNEL32.DLL
0x00007ffbb50e0000 - 0x00007ffbb5383000 	C:\WINDOWS\System32\KERNELBASE.dll
0x00007ffbb6080000 - 0x00007ffbb6123000 	C:\WINDOWS\System32\ADVAPI32.dll
0x00007ffbb6130000 - 0x00007ffbb61ce000 	C:\WINDOWS\System32\msvcrt.dll
0x00007ffbb5fe0000 - 0x00007ffbb6077000 	C:\WINDOWS\System32\sechost.dll
0x00007ffbb6d40000 - 0x00007ffbb6e60000 	C:\WINDOWS\System32\RPCRT4.dll
0x00007ffbb7c70000 - 0x00007ffbb7e04000 	C:\WINDOWS\System32\USER32.dll
0x00007ffbb4e10000 - 0x00007ffbb4e31000 	C:\WINDOWS\System32\win32u.dll
0x00007ffbb7e10000 - 0x00007ffbb7e36000 	C:\WINDOWS\System32\GDI32.dll
0x00007ffbb5610000 - 0x00007ffbb57a4000 	C:\WINDOWS\System32\gdi32full.dll
0x00007ffbb4e40000 - 0x00007ffbb4ede000 	C:\WINDOWS\System32\msvcp_win.dll
0x00007ffbb5510000 - 0x00007ffbb560a000 	C:\WINDOWS\System32\ucrtbase.dll
0x00007ffbb41a0000 - 0x00007ffbb4425000 	C:\WINDOWS\WinSxS\amd64_microsoft.windows.common-controls_6595b64144ccf1df_6.0.18362.657_none_e6c5b579130e3898\COMCTL32.dll
0x00007ffbb69a0000 - 0x00007ffbb6cd6000 	C:\WINDOWS\System32\combase.dll
0x00007ffbb4ee0000 - 0x00007ffbb4f60000 	C:\WINDOWS\System32\bcryptPrimitives.dll
0x00007ffbb6f40000 - 0x00007ffbb6f6e000 	C:\WINDOWS\System32\IMM32.DLL
0x000000005a860000 - 0x000000005a932000 	C:\Program Files\Android\Android Studio\jre\jre\bin\msvcr100.dll
0x000000005a940000 - 0x000000005b17c000 	C:\Program Files\Android\Android Studio\jre\jre\bin\server\jvm.dll
0x00007ffbb6f70000 - 0x00007ffbb6f78000 	C:\WINDOWS\System32\PSAPI.DLL
0x00007ffba5950000 - 0x00007ffba5959000 	C:\WINDOWS\SYSTEM32\WSOCK32.dll
0x00007ffba71f0000 - 0x00007ffba71fa000 	C:\WINDOWS\SYSTEM32\VERSION.dll
0x00007ffbb1760000 - 0x00007ffbb1784000 	C:\WINDOWS\SYSTEM32\WINMM.dll
0x00007ffbb6780000 - 0x00007ffbb67ef000 	C:\WINDOWS\System32\WS2_32.dll
0x00007ffbb1730000 - 0x00007ffbb175d000 	C:\WINDOWS\SYSTEM32\winmmbase.dll
0x00007ffbb5090000 - 0x00007ffbb50da000 	C:\WINDOWS\System32\cfgmgr32.dll
0x00007ffbadaa0000 - 0x00007ffbadaaf000 	C:\Program Files\Android\Android Studio\jre\jre\bin\verify.dll
0x00007ffbabe20000 - 0x00007ffbabe49000 	C:\Program Files\Android\Android Studio\jre\jre\bin\java.dll
0x00007ffbad6c0000 - 0x00007ffbad6d6000 	C:\Program Files\Android\Android Studio\jre\jre\bin\zip.dll
0x00007ffbb70c0000 - 0x00007ffbb77a5000 	C:\WINDOWS\System32\SHELL32.dll
0x00007ffbb5f30000 - 0x00007ffbb5fd9000 	C:\WINDOWS\System32\shcore.dll
0x00007ffbb57b0000 - 0x00007ffbb5f2f000 	C:\WINDOWS\System32\windows.storage.dll
0x00007ffbb4df0000 - 0x00007ffbb4e0f000 	C:\WINDOWS\System32\profapi.dll
0x00007ffbb4da0000 - 0x00007ffbb4dea000 	C:\WINDOWS\System32\powrprof.dll
0x00007ffbb4d50000 - 0x00007ffbb4d60000 	C:\WINDOWS\System32\UMPDC.dll
0x00007ffbb6ce0000 - 0x00007ffbb6d32000 	C:\WINDOWS\System32\shlwapi.dll
0x00007ffbb4d80000 - 0x00007ffbb4d91000 	C:\WINDOWS\System32\kernel.appcore.dll
0x00007ffbb4f60000 - 0x00007ffbb4f77000 	C:\WINDOWS\System32\cryptsp.dll
0x00007ffba8210000 - 0x00007ffba822a000 	C:\Program Files\Android\Android Studio\jre\jre\bin\net.dll
0x00007ffbb3f60000 - 0x00007ffbb3fc7000 	C:\WINDOWS\system32\mswsock.dll
0x00007ffb99160000 - 0x00007ffb99171000 	C:\Program Files\Android\Android Studio\jre\jre\bin\nio.dll
0x00007ffba8cd0000 - 0x00007ffba8cee000 	C:\Users\ShreeNivas NH\.gradle\native\23\windows-amd64\native-platform.dll
0x00007ffbb3ab0000 - 0x00007ffbb3ae3000 	C:\WINDOWS\system32\rsaenh.dll
0x00007ffbb5390000 - 0x00007ffbb53b6000 	C:\WINDOWS\System32\bcrypt.dll
0x00007ffbb4c70000 - 0x00007ffbb4c95000 	C:\WINDOWS\SYSTEM32\USERENV.dll
0x00007ffbb4130000 - 0x00007ffbb413c000 	C:\WINDOWS\SYSTEM32\CRYPTBASE.dll
0x00007ffbb3c70000 - 0x00007ffbb3caa000 	C:\WINDOWS\SYSTEM32\IPHLPAPI.DLL
0x00007ffbb77b0000 - 0x00007ffbb77b8000 	C:\WINDOWS\System32\NSI.dll
0x00007ffba7d50000 - 0x00007ffba7d66000 	C:\WINDOWS\SYSTEM32\dhcpcsvc6.DLL
0x00007ffba7f60000 - 0x00007ffba7f7c000 	C:\WINDOWS\SYSTEM32\dhcpcsvc.DLL
0x00007ffbb3cb0000 - 0x00007ffbb3d7a000 	C:\WINDOWS\SYSTEM32\DNSAPI.dll
0x00007ffbadac0000 - 0x00007ffbadacd000 	C:\Program Files\Android\Android Studio\jre\jre\bin\management.dll

VM Arguments:
jvm_args: -Xmx1536m -Dfile.encoding=windows-1252 -Duser.country=US -Duser.language=en -Duser.variant 
java_command: org.gradle.launcher.daemon.bootstrap.GradleDaemon 3.3
java_class_path (initial): C:\Users\ShreeNivas NH\.gradle\wrapper\dists\gradle-3.3-all\55gk2rcmfc6p2dg9u9ohc3hw9\gradle-3.3\lib\gradle-launcher-3.3.jar
Launcher Type: SUN_STANDARD

Environment Variables:
PATH=C:\WINDOWS\system32;C:\WINDOWS;C:\WINDOWS\System32\Wbem;C:\WINDOWS\System32\WindowsPowerShell\v1.0\;C:\Program Files\Git\cmd;C:\WINDOWS\System32\OpenSSH\;C:\Users\ShreeNivas NH\AppData\Local\Microsoft\WindowsApps;
USERNAME=ShreeNivas NH
OS=Windows_NT
PROCESSOR_IDENTIFIER=Intel64 Family 6 Model 78 Stepping 3, GenuineIntel



---------------  S Y S T E M  ---------------

OS: Windows 10.0 , 64 bit Build 18362 (10.0.18362.329)

CPU:total 4 (2 cores per cpu, 2 threads per core) family 6 model 78 stepping 3, cmov, cx8, fxsr, mmx, sse, sse2, sse3, ssse3, sse4.1, sse4.2, popcnt, avx, avx2, aes, clmul, erms, 3dnowpref, lzcnt, ht, tsc, tscinvbit, bmi1, bmi2, adx

Memory: 4k page, physical 8276908k(242180k free), swap 21181352k(676k free)

vm_info: OpenJDK 64-Bit Server VM (25.112-b06) for windows-amd64 JRE (1.8.0_112-release-b06), built on Dec  8 2016 00:54:26 by "builder" with MS VC++ 10.0 (VS2010)

time: Thu Mar 12 19:08:07 2020
elapsed time: 29 seconds (0d 0h 0m 29s)

